TN:
SF:src/RequestContract.ts
FN:9,RequestContract
FN:25,getQuery
FN:36,getUrl
FNF:3
FNH:3
FNDA:2,RequestContract
FNDA:2,getQuery
FNDA:2,getUrl
DA:1,1
DA:2,1
DA:3,1
DA:4,1
DA:5,1
DA:6,1
DA:7,1
DA:8,1
DA:9,1
DA:10,2
DA:11,2
DA:12,2
DA:13,2
DA:14,2
DA:15,2
DA:16,2
DA:17,2
DA:18,2
DA:19,2
DA:20,2
DA:21,2
DA:22,2
DA:23,2
DA:24,1
DA:25,1
DA:26,2
DA:27,1
DA:28,2
DA:29,2
DA:30,2
DA:31,2
DA:32,2
DA:33,1
DA:34,1
DA:35,1
DA:36,1
DA:37,2
DA:38,2
DA:39,2
DA:40,2
DA:41,2
DA:42,2
DA:43,2
DA:44,1
LF:44
LH:44
BRDA:9,0,0,2
BRDA:21,1,0,1
BRDA:22,2,0,1
BRDA:25,3,0,2
BRDA:26,4,0,1
BRDA:30,5,0,1
BRDA:30,6,0,1
BRDA:33,7,0,1
BRDA:36,8,0,2
BRDA:37,9,0,0
BRDA:38,10,0,0
BRF:11
BRH:9
end_of_record
